<?xml version="1.0" encoding="UTF-8"?>
<testsuite name="LollapallozaProject.Lollapalloza.RepositoriesTest" tests="3" skipped="0" failures="0" errors="0" timestamp="2021-08-24T15:16:46" hostname="DESKTOP-D60FA5G" time="1.68">
  <properties/>
  <testcase name="existProduct()" classname="LollapallozaProject.Lollapalloza.RepositoriesTest" time="1.373"/>
  <testcase name="existEvent()" classname="LollapallozaProject.Lollapalloza.RepositoriesTest" time="0.179"/>
  <testcase name="existCampus()" classname="LollapallozaProject.Lollapalloza.RepositoriesTest" time="0.094"/>
  <system-out><![CDATA[2021-08-24 12:16:46.741  INFO 12884 --- [    Test worker] .b.t.c.SpringBootTestContextBootstrapper : Neither @ContextConfiguration nor @ContextHierarchy found for test class [LollapallozaProject.Lollapalloza.RepositoriesTest], using SpringBootContextLoader
2021-08-24 12:16:46.754  INFO 12884 --- [    Test worker] o.s.t.c.support.AbstractContextLoader    : Could not detect default resource locations for test class [LollapallozaProject.Lollapalloza.RepositoriesTest]: no resource found for suffixes {-context.xml, Context.groovy}.
2021-08-24 12:16:46.756  INFO 12884 --- [    Test worker] t.c.s.AnnotationConfigContextLoaderUtils : Could not detect default configuration classes for test class [LollapallozaProject.Lollapalloza.RepositoriesTest]: RepositoriesTest does not declare any static, non-private, non-final, nested classes annotated with @Configuration.
2021-08-24 12:16:46.766  INFO 12884 --- [    Test worker] .b.t.c.SpringBootTestContextBootstrapper : Found @SpringBootConfiguration LollapallozaProject.Lollapalloza.LollapallozaApplication for test class LollapallozaProject.Lollapalloza.RepositoriesTest
2021-08-24 12:16:46.772  INFO 12884 --- [    Test worker] .b.t.c.SpringBootTestContextBootstrapper : Loaded default TestExecutionListener class names from location [META-INF/spring.factories]: [org.springframework.boot.test.autoconfigure.restdocs.RestDocsTestExecutionListener, org.springframework.boot.test.autoconfigure.web.client.MockRestServiceServerResetTestExecutionListener, org.springframework.boot.test.autoconfigure.web.servlet.MockMvcPrintOnlyOnFailureTestExecutionListener, org.springframework.boot.test.autoconfigure.web.servlet.WebDriverTestExecutionListener, org.springframework.boot.test.autoconfigure.webservices.client.MockWebServiceServerTestExecutionListener, org.springframework.boot.test.mock.mockito.MockitoTestExecutionListener, org.springframework.boot.test.mock.mockito.ResetMocksTestExecutionListener, org.springframework.test.context.web.ServletTestExecutionListener, org.springframework.test.context.support.DirtiesContextBeforeModesTestExecutionListener, org.springframework.test.context.event.ApplicationEventsTestExecutionListener, org.springframework.test.context.support.DependencyInjectionTestExecutionListener, org.springframework.test.context.support.DirtiesContextTestExecutionListener, org.springframework.test.context.transaction.TransactionalTestExecutionListener, org.springframework.test.context.jdbc.SqlScriptsTestExecutionListener, org.springframework.test.context.event.EventPublishingTestExecutionListener]
2021-08-24 12:16:46.779  INFO 12884 --- [    Test worker] .b.t.c.SpringBootTestContextBootstrapper : Using TestExecutionListeners: [org.springframework.test.context.web.ServletTestExecutionListener@3a2749ec, org.springframework.test.context.support.DirtiesContextBeforeModesTestExecutionListener@4ae5038, org.springframework.test.context.event.ApplicationEventsTestExecutionListener@51e970f5, org.springframework.boot.test.mock.mockito.MockitoTestExecutionListener@6e5f80af, org.springframework.boot.test.autoconfigure.SpringBootDependencyInjectionTestExecutionListener@6e37dca1, org.springframework.test.context.support.DirtiesContextTestExecutionListener@186e7ecf, org.springframework.test.context.transaction.TransactionalTestExecutionListener@21adbef, org.springframework.test.context.jdbc.SqlScriptsTestExecutionListener@105269fb, org.springframework.test.context.event.EventPublishingTestExecutionListener@40d07d84, org.springframework.boot.test.autoconfigure.restdocs.RestDocsTestExecutionListener@2ba3fb57, org.springframework.boot.test.autoconfigure.web.client.MockRestServiceServerResetTestExecutionListener@7f32986f, org.springframework.boot.test.autoconfigure.web.servlet.MockMvcPrintOnlyOnFailureTestExecutionListener@7c2c3bc3, org.springframework.boot.test.autoconfigure.web.servlet.WebDriverTestExecutionListener@3f53559f, org.springframework.boot.test.autoconfigure.webservices.client.MockWebServiceServerTestExecutionListener@b1e6861, org.springframework.boot.test.mock.mockito.ResetMocksTestExecutionListener@6004788d]
]]></system-out>
  <system-err><![CDATA[]]></system-err>
</testsuite>
