<?xml version="1.0" encoding="UTF-8"?>
<testsuite name="LollapallozaProject.Lollapalloza.LollapallozaApplicationTests" tests="1" skipped="0" failures="0" errors="0" timestamp="2021-08-24T15:16:46" hostname="DESKTOP-D60FA5G" time="0.319">
  <properties/>
  <testcase name="contextLoads()" classname="LollapallozaProject.Lollapalloza.LollapallozaApplicationTests" time="0.319"/>
  <system-out><![CDATA[12:16:18.641 [Test worker] DEBUG org.springframework.test.context.BootstrapUtils - Instantiating CacheAwareContextLoaderDelegate from class [org.springframework.test.context.cache.DefaultCacheAwareContextLoaderDelegate]
12:16:18.791 [Test worker] DEBUG org.springframework.test.context.BootstrapUtils - Instantiating BootstrapContext using constructor [public org.springframework.test.context.support.DefaultBootstrapContext(java.lang.Class,org.springframework.test.context.CacheAwareContextLoaderDelegate)]
12:16:19.304 [Test worker] DEBUG org.springframework.test.context.BootstrapUtils - Instantiating TestContextBootstrapper for test class [LollapallozaProject.Lollapalloza.LollapallozaApplicationTests] from class [org.springframework.boot.test.context.SpringBootTestContextBootstrapper]
12:16:19.361 [Test worker] INFO org.springframework.boot.test.context.SpringBootTestContextBootstrapper - Neither @ContextConfiguration nor @ContextHierarchy found for test class [LollapallozaProject.Lollapalloza.LollapallozaApplicationTests], using SpringBootContextLoader
12:16:19.392 [Test worker] DEBUG org.springframework.test.context.support.AbstractContextLoader - Did not detect default resource location for test class [LollapallozaProject.Lollapalloza.LollapallozaApplicationTests]: class path resource [LollapallozaProject/Lollapalloza/LollapallozaApplicationTests-context.xml] does not exist
12:16:19.394 [Test worker] DEBUG org.springframework.test.context.support.AbstractContextLoader - Did not detect default resource location for test class [LollapallozaProject.Lollapalloza.LollapallozaApplicationTests]: class path resource [LollapallozaProject/Lollapalloza/LollapallozaApplicationTestsContext.groovy] does not exist
12:16:19.395 [Test worker] INFO org.springframework.test.context.support.AbstractContextLoader - Could not detect default resource locations for test class [LollapallozaProject.Lollapalloza.LollapallozaApplicationTests]: no resource found for suffixes {-context.xml, Context.groovy}.
12:16:19.400 [Test worker] INFO org.springframework.test.context.support.AnnotationConfigContextLoaderUtils - Could not detect default configuration classes for test class [LollapallozaProject.Lollapalloza.LollapallozaApplicationTests]: LollapallozaApplicationTests does not declare any static, non-private, non-final, nested classes annotated with @Configuration.
12:16:19.718 [Test worker] DEBUG org.springframework.test.context.support.ActiveProfilesUtils - Could not find an 'annotation declaring class' for annotation type [org.springframework.test.context.ActiveProfiles] and class [LollapallozaProject.Lollapalloza.LollapallozaApplicationTests]
12:16:19.965 [Test worker] DEBUG org.springframework.context.annotation.ClassPathScanningCandidateComponentProvider - Identified candidate component class: file [C:\Users\kevin\Documents\GitHub\LollaPalluza-Project\Lollapalloza\build\classes\java\main\LollapallozaProject\Lollapalloza\LollapallozaApplication.class]
12:16:19.970 [Test worker] INFO org.springframework.boot.test.context.SpringBootTestContextBootstrapper - Found @SpringBootConfiguration LollapallozaProject.Lollapalloza.LollapallozaApplication for test class LollapallozaProject.Lollapalloza.LollapallozaApplicationTests
12:16:20.531 [Test worker] DEBUG org.springframework.boot.test.context.SpringBootTestContextBootstrapper - @TestExecutionListeners is not present for class [LollapallozaProject.Lollapalloza.LollapallozaApplicationTests]: using defaults.
12:16:20.534 [Test worker] INFO org.springframework.boot.test.context.SpringBootTestContextBootstrapper - Loaded default TestExecutionListener class names from location [META-INF/spring.factories]: [org.springframework.boot.test.autoconfigure.restdocs.RestDocsTestExecutionListener, org.springframework.boot.test.autoconfigure.web.client.MockRestServiceServerResetTestExecutionListener, org.springframework.boot.test.autoconfigure.web.servlet.MockMvcPrintOnlyOnFailureTestExecutionListener, org.springframework.boot.test.autoconfigure.web.servlet.WebDriverTestExecutionListener, org.springframework.boot.test.autoconfigure.webservices.client.MockWebServiceServerTestExecutionListener, org.springframework.boot.test.mock.mockito.MockitoTestExecutionListener, org.springframework.boot.test.mock.mockito.ResetMocksTestExecutionListener, org.springframework.test.context.web.ServletTestExecutionListener, org.springframework.test.context.support.DirtiesContextBeforeModesTestExecutionListener, org.springframework.test.context.event.ApplicationEventsTestExecutionListener, org.springframework.test.context.support.DependencyInjectionTestExecutionListener, org.springframework.test.context.support.DirtiesContextTestExecutionListener, org.springframework.test.context.transaction.TransactionalTestExecutionListener, org.springframework.test.context.jdbc.SqlScriptsTestExecutionListener, org.springframework.test.context.event.EventPublishingTestExecutionListener]
12:16:20.678 [Test worker] INFO org.springframework.boot.test.context.SpringBootTestContextBootstrapper - Using TestExecutionListeners: [org.springframework.test.context.web.ServletTestExecutionListener@476a89b5, org.springframework.test.context.support.DirtiesContextBeforeModesTestExecutionListener@6287f923, org.springframework.test.context.event.ApplicationEventsTestExecutionListener@63ab0c35, org.springframework.boot.test.mock.mockito.MockitoTestExecutionListener@74c9b0ac, org.springframework.boot.test.autoconfigure.SpringBootDependencyInjectionTestExecutionListener@677da8a1, org.springframework.test.context.support.DirtiesContextTestExecutionListener@3aee0b8c, org.springframework.test.context.transaction.TransactionalTestExecutionListener@11f7240, org.springframework.test.context.jdbc.SqlScriptsTestExecutionListener@38eafe1f, org.springframework.test.context.event.EventPublishingTestExecutionListener@32586103, org.springframework.boot.test.autoconfigure.restdocs.RestDocsTestExecutionListener@7820aeaf, org.springframework.boot.test.autoconfigure.web.client.MockRestServiceServerResetTestExecutionListener@2d75e99, org.springframework.boot.test.autoconfigure.web.servlet.MockMvcPrintOnlyOnFailureTestExecutionListener@6da242da, org.springframework.boot.test.autoconfigure.web.servlet.WebDriverTestExecutionListener@1c836614, org.springframework.boot.test.autoconfigure.webservices.client.MockWebServiceServerTestExecutionListener@61abe6fd, org.springframework.boot.test.mock.mockito.ResetMocksTestExecutionListener@59305fc7]
12:16:20.694 [Test worker] DEBUG org.springframework.test.context.support.AbstractDirtiesContextTestExecutionListener - Before test class: context [DefaultTestContext@f7cd3d0 testClass = LollapallozaApplicationTests, testInstance = [null], testMethod = [null], testException = [null], mergedContextConfiguration = [WebMergedContextConfiguration@44dd5b4f testClass = LollapallozaApplicationTests, locations = '{}', classes = '{class LollapallozaProject.Lollapalloza.LollapallozaApplication}', contextInitializerClasses = '[]', activeProfiles = '{}', propertySourceLocations = '{}', propertySourceProperties = '{org.springframework.boot.test.context.SpringBootTestContextBootstrapper=true}', contextCustomizers = set[org.springframework.boot.test.autoconfigure.actuate.metrics.MetricsExportContextCustomizerFactory$DisableMetricExportContextCustomizer@39aa521d, org.springframework.boot.test.autoconfigure.properties.PropertyMappingContextCustomizer@0, org.springframework.boot.test.autoconfigure.web.servlet.WebDriverContextCustomizerFactory$Customizer@45f6e5b2, org.springframework.boot.test.context.filter.ExcludeFilterContextCustomizer@1eca4f18, org.springframework.boot.test.json.DuplicateJsonObjectContextCustomizerFactory$DuplicateJsonObjectContextCustomizer@23dc313d, org.springframework.boot.test.mock.mockito.MockitoContextCustomizer@0, org.springframework.boot.test.web.client.TestRestTemplateContextCustomizer@2b177009, org.springframework.boot.test.context.SpringBootTestArgs@1, org.springframework.boot.test.context.SpringBootTestWebEnvironment@1f7cedfe], resourceBasePath = 'src/main/webapp', contextLoader = 'org.springframework.boot.test.context.SpringBootContextLoader', parent = [null]], attributes = map['org.springframework.test.context.web.ServletTestExecutionListener.activateListener' -> true]], class annotated with @DirtiesContext [false] with mode [null].
12:16:20.836 [Test worker] DEBUG org.springframework.test.context.support.TestPropertySourceUtils - Adding inlined properties to environment: {spring.jmx.enabled=false, org.springframework.boot.test.context.SpringBootTestContextBootstrapper=true}

  .   ____          _            __ _ _
 /\\ / ___'_ __ _ _(_)_ __  __ _ \ \ \ \
( ( )\___ | '_ | '_| | '_ \/ _` | \ \ \ \
 \\/  ___)| |_)| | | | | || (_| |  ) ) ) )
  '  |____| .__|_| |_|_| |_\__, | / / / /
 =========|_|==============|___/=/_/_/_/
 :: Spring Boot ::                (v2.5.3)

2021-08-24 12:16:22.287  INFO 12884 --- [    Test worker] L.L.LollapallozaApplicationTests         : Starting LollapallozaApplicationTests using Java 11.0.11 on DESKTOP-D60FA5G with PID 12884 (started by kevin in C:\Users\kevin\Documents\GitHub\LollaPalluza-Project\Lollapalloza)
2021-08-24 12:16:22.300  INFO 12884 --- [    Test worker] L.L.LollapallozaApplicationTests         : No active profile set, falling back to default profiles: default
2021-08-24 12:16:27.914  INFO 12884 --- [    Test worker] .s.d.r.c.RepositoryConfigurationDelegate : Bootstrapping Spring Data JPA repositories in DEFAULT mode.
2021-08-24 12:16:28.450  INFO 12884 --- [    Test worker] .s.d.r.c.RepositoryConfigurationDelegate : Finished Spring Data repository scanning in 513 ms. Found 8 JPA repository interfaces.
2021-08-24 12:16:31.453  INFO 12884 --- [    Test worker] com.zaxxer.hikari.HikariDataSource       : HikariPool-1 - Starting...
2021-08-24 12:16:32.374  INFO 12884 --- [    Test worker] com.zaxxer.hikari.HikariDataSource       : HikariPool-1 - Start completed.
2021-08-24 12:16:32.736  INFO 12884 --- [    Test worker] o.hibernate.jpa.internal.util.LogHelper  : HHH000204: Processing PersistenceUnitInfo [name: default]
2021-08-24 12:16:33.027  INFO 12884 --- [    Test worker] org.hibernate.Version                    : HHH000412: Hibernate ORM core version 5.4.32.Final
2021-08-24 12:16:33.792  INFO 12884 --- [    Test worker] o.hibernate.annotations.common.Version   : HCANN000001: Hibernate Commons Annotations {5.1.2.Final}
2021-08-24 12:16:34.490  INFO 12884 --- [    Test worker] org.hibernate.dialect.Dialect            : HHH000400: Using dialect: org.hibernate.dialect.H2Dialect
2021-08-24 12:16:37.117  INFO 12884 --- [    Test worker] o.h.e.t.j.p.i.JtaPlatformInitiator       : HHH000490: Using JtaPlatform implementation: [org.hibernate.engine.transaction.jta.platform.internal.NoJtaPlatform]
2021-08-24 12:16:37.136  INFO 12884 --- [    Test worker] j.LocalContainerEntityManagerFactoryBean : Initialized JPA EntityManagerFactory for persistence unit 'default'
2021-08-24 12:16:38.891  WARN 12884 --- [    Test worker] JpaBaseConfiguration$JpaWebConfiguration : spring.jpa.open-in-view is enabled by default. Therefore, database queries may be performed during view rendering. Explicitly configure spring.jpa.open-in-view to disable this warning
2021-08-24 12:16:40.860  INFO 12884 --- [    Test worker] o.s.s.web.DefaultSecurityFilterChain     : Will secure any request with [org.springframework.security.web.context.request.async.WebAsyncManagerIntegrationFilter@38437859, org.springframework.security.web.context.SecurityContextPersistenceFilter@6fc4a7dc, org.springframework.security.web.header.HeaderWriterFilter@4af348eb, org.springframework.security.web.authentication.logout.LogoutFilter@26d33900, org.springframework.security.web.authentication.UsernamePasswordAuthenticationFilter@17352337, org.springframework.security.web.savedrequest.RequestCacheAwareFilter@6b0125f8, org.springframework.security.web.servletapi.SecurityContextHolderAwareRequestFilter@7b26890b, org.springframework.security.web.authentication.AnonymousAuthenticationFilter@414d405f, org.springframework.security.web.session.SessionManagementFilter@2c743717, org.springframework.security.web.access.ExceptionTranslationFilter@33ccf949, org.springframework.security.web.access.intercept.FilterSecurityInterceptor@7ed6a641]
2021-08-24 12:16:43.202  INFO 12884 --- [    Test worker] o.s.b.a.h2.H2ConsoleAutoConfiguration    : H2 console available at '/h2-console'. Database available at 'jdbc:h2:mem:homebanking'
2021-08-24 12:16:43.523  INFO 12884 --- [    Test worker] o.s.b.a.w.s.WelcomePageHandlerMapping    : Adding welcome page: class path resource [static/index.html]
2021-08-24 12:16:45.766  INFO 12884 --- [    Test worker] L.L.LollapallozaApplicationTests         : Started LollapallozaApplicationTests in 24.895 seconds (JVM running for 32.338)
]]></system-out>
  <system-err><![CDATA[]]></system-err>
</testsuite>
